<?xml version="1.0" encoding="UTF-8"?>
<!-- Generated by org.testng.reporters.JUnitXMLReporter -->
<testsuite ignored="1" hostname="DESKTOP-MN43DGH" failures="0" tests="1" name="Default test" time="17.013" errors="0" timestamp="2024-07-20T22:47:42 PDT">
  <testcase classname="com.training.testcases.LoginTest" name="LoginintoApplication2" time="11.707"/>
  <testcase classname="com.training.testcases.LoginTest" name="LoginintoApplication" time="0.0">
    <ignored/>
  </testcase> <!-- LoginintoApplication -->
</testsuite> <!-- Default test -->
