<?xml version="1.0" encoding="UTF-8"?>
<testng-results ignored="0" total="1" passed="1" failed="0" skipped="0">
  <reporter-output>
  </reporter-output>
  <suite started-at="2024-07-20T23:27:52 PDT" name="Surefire suite" finished-at="2024-07-20T23:27:57 PDT" duration-ms="5718">
    <groups>
    </groups>
    <test started-at="2024-07-20T23:27:52 PDT" name="Surefire test" finished-at="2024-07-20T23:27:57 PDT" duration-ms="5718">
      <class name="com.training.testcases.LoginTest">
        <test-method is-config="true" signature="BeforeMethod()[pri:0, instance:com.training.testcases.LoginTest@2133814f]" started-at="2024-07-20T23:27:52 PDT" name="BeforeMethod" finished-at="2024-07-20T23:27:55 PDT" duration-ms="2806" status="PASS">
          <reporter-output>
          </reporter-output>
        </test-method> <!-- BeforeMethod -->
        <test-method signature="LoginintoApplication()[pri:1, instance:com.training.testcases.LoginTest@2133814f]" started-at="2024-07-20T23:27:55 PDT" name="LoginintoApplication" finished-at="2024-07-20T23:27:57 PDT" duration-ms="2778" status="PASS">
          <reporter-output>
          </reporter-output>
        </test-method> <!-- LoginintoApplication -->
        <test-method is-config="true" signature="AfterMethod()[pri:0, instance:com.training.testcases.LoginTest@2133814f]" started-at="2024-07-20T23:27:57 PDT" name="AfterMethod" finished-at="2024-07-20T23:27:57 PDT" duration-ms="85" status="PASS">
          <reporter-output>
          </reporter-output>
        </test-method> <!-- AfterMethod -->
      </class> <!-- com.training.testcases.LoginTest -->
    </test> <!-- Surefire test -->
  </suite> <!-- Surefire suite -->
</testng-results>
